2023-04-18 19:48:01 INFO  Log:15 - **************
2023-04-18 19:48:01 INFO  Log:16 - **************
2023-04-18 19:48:01 INFO  Log:17 - ******This is the beginning of my Test case********
2023-04-18 19:48:01 INFO  Log:26 - My test case is executing right now
2023-04-18 19:48:01 INFO  Log:30 - My test case might have some trivial issues
2023-04-18 19:48:09 INFO  Log:26 - This test case is about to get completed
2023-04-18 19:48:09 INFO  Log:20 - ****************
2023-04-18 19:48:09 INFO  Log:21 - ****************
2023-04-18 19:48:09 INFO  Log:22 - *****This test case is finished*****
2023-04-18 20:56:07 INFO  Log:15 - **************
2023-04-18 20:56:07 INFO  Log:16 - **************
2023-04-18 20:56:07 INFO  Log:17 - ******This is the beginning of my Test case********
2023-04-18 20:56:07 INFO  Log:26 - My test case is executing right now
2023-04-18 20:56:07 INFO  Log:30 - My test case might have some trivial issues
2023-04-18 20:56:23 INFO  Log:26 - This test case is about to get completed
2023-04-18 20:56:23 INFO  Log:20 - ****************
2023-04-18 20:56:23 INFO  Log:21 - ****************
2023-04-18 20:56:23 INFO  Log:22 - *****This test case is finished*****
2023-04-24 13:46:16 INFO  Log:15 - **************
2023-04-24 13:46:16 INFO  Log:16 - **************
2023-04-24 13:46:16 INFO  Log:17 - ******This is the beginning of my Test case********
2023-04-24 13:46:16 INFO  Log:26 - My test case is executing right now
2023-04-24 13:46:16 INFO  Log:30 - My test case might have some trivial issues
2023-04-24 13:46:29 INFO  Log:26 - This test case is about to get completed
2023-04-24 13:46:29 INFO  Log:20 - ****************
2023-04-24 13:46:29 INFO  Log:21 - ****************
2023-04-24 13:46:29 INFO  Log:22 - *****This test case is finished*****
2023-04-24 13:46:59 INFO  Log:15 - **************
2023-04-24 13:46:59 INFO  Log:16 - **************
2023-04-24 13:46:59 INFO  Log:17 - ******This is the beginning of my Test case********
2023-04-24 13:46:59 INFO  Log:26 - My test case is executing right now
2023-04-24 13:46:59 INFO  Log:30 - My test case might have some trivial issues
2023-04-24 13:48:22 INFO  Log:15 - **************
2023-04-24 13:48:22 INFO  Log:16 - **************
2023-04-24 13:48:22 INFO  Log:17 - ******This is the beginning of my Test case********
2023-04-24 13:48:22 INFO  Log:26 - My test case is executing right now
2023-04-24 13:48:22 INFO  Log:30 - My test case might have some trivial issues
